Wed Jun 30 12:59:15 UTC 2021
Start Regression test

Compile 001 elapsed time 174 seconds. APP=NG-GODAS-NEMSDATM

baseline dir = /scratch1/NCEPDEV/nems/emc.nemspara/RT/NEMSfv3gfs/develop-20210616/INTEL/datm_control_gefs
working dir  = /scratch2/BMC/gsienkf/Philip.Pegion/stmp2/Philip.Pegion/FV3_RT/rt_171663/datm_control_gefs
Checking test 001 datm_control_gefs results ....
 Comparing RESTART/MOM.res.nc .........OK
 Comparing RESTART/iced.2011-10-02-00000.nc .........OK
 Comparing RESTART/DATM_GEFS.cpl.r.2011-10-02-00000.nc .........OK

  0: The total amount of wall time                        = 88.064403

Test 001 datm_control_gefs PASS


baseline dir = /scratch1/NCEPDEV/nems/emc.nemspara/RT/NEMSfv3gfs/develop-20210616/INTEL/datm_control_gefs
working dir  = /scratch2/BMC/gsienkf/Philip.Pegion/stmp2/Philip.Pegion/FV3_RT/rt_171663/datm_control_iau_gefs
Checking test 002 datm_control_iau_gefs results ....
 Comparing RESTART/MOM.res.nc ............ALT CHECK......NOT OK
 Comparing RESTART/iced.2011-10-02-00000.nc ............ALT CHECK......NOT OK
 Comparing RESTART/DATM_GEFS.cpl.r.2011-10-02-00000.nc ............ALT CHECK......NOT OK

  0: The total amount of wall time                        = 89.697113

Test 002 datm_control_iau_gefs FAIL

FAILED TESTS: 
Test datm_control_iau_gefs 002 failed in check_result failed 

REGRESSION TEST FAILED
Wed Jun 30 13:09:47 UTC 2021
Elapsed time: 00h:10m:32s. Have a nice day!
